<?xml version="1.0" encoding="UTF-8"?>
<!-- Generated by org.testng.reporters.JUnitReportReporter -->
<testsuite name="com.testking.SelInterview.draganddrop" tests="1" time="2.992" ignored="0" failures="0" timestamp="16 Nov 2017 12:26:54 GMT" skipped="0" hostname="SANCO" errors="0">
  <testcase name="dragdrop" time="2.992" classname="com.testking.SelInterview.draganddrop"/>
</testsuite> <!-- com.testking.SelInterview.draganddrop -->
