<?xml version="1.0" encoding="UTF-8"?>
<!-- Generated by org.testng.reporters.JUnitReportReporter -->
<testsuite name="com.testking.SelInterview.Createproperty" tests="1" time="0.115" ignored="0" failures="0" timestamp="23 Sep 2017 07:23:58 GMT" skipped="0" hostname="SANCO" errors="0">
  <testcase name="loadproperties" time="0.115" classname="com.testking.SelInterview.Createproperty"/>
</testsuite> <!-- com.testking.SelInterview.Createproperty -->
