<?xml version="1.0" encoding="UTF-8"?>
<!-- Generated by org.testng.reporters.JUnitReportReporter -->
<testsuite name="com.testking.SelInterview.Interview" tests="1" time="0.014" ignored="0" failures="0" timestamp="02 Aug 2017 12:16:40 GMT" skipped="0" hostname="SANCO" errors="0">
  <testcase name="interview" time="0.014" classname="com.testking.SelInterview.Interview"/>
</testsuite> <!-- com.testking.SelInterview.Interview -->
